{
  "RSpec": {
    "coverage": {
      "/Users/celinekaslin/Desktop/MakersProject/week9/Bank_tech_test/spec/account_flow_spec.rb": [
        1,
        null,
        1,
        3,
        2,
        2,
        null,
        1,
        1,
        null,
        null,
        1,
        1,
        1,
        1,
        1,
        1,
        null,
        null,
        null,
        null,
        null
      ],
      "/Users/celinekaslin/Desktop/MakersProject/week9/Bank_tech_test/lib/accountflow.rb": [
        1,
        null,
        1,
        null,
        1,
        2,
        null,
        null,
        1,
        2,
        null,
        null,
        null
      ],
      "/Users/celinekaslin/Desktop/MakersProject/week9/Bank_tech_test/spec/account_spec.rb": [
        1,
        null,
        1,
        null,
        5,
        null,
        1,
        1,
        1,
        null,
        null,
        null,
        1,
        1,
        4,
        null,
        null,
        null,
        1,
        1,
        1,
        4,
        null,
        null,
        1,
        4,
        null,
        null,
        null,
        null,
        null,
        null,
        null,
        null,
        null
      ],
      "/Users/celinekaslin/Desktop/MakersProject/week9/Bank_tech_test/lib/account.rb": [
        1,
        null,
        1,
        null,
        1,
        null,
        1,
        null,
        1,
        4,
        null,
        null,
        1,
        2,
        2,
        null,
        null,
        1,
        2,
        2,
        null,
        null,
        1,
        null,
        1,
        2,
        null,
        null,
        1,
        2,
        null,
        null,
        null
      ],
      "/Users/celinekaslin/Desktop/MakersProject/week9/Bank_tech_test/lib/transaction.rb": [
        1,
        null,
        1,
        null,
        1,
        7,
        7,
        7,
        null,
        null,
        null
      ],
      "/Users/celinekaslin/Desktop/MakersProject/week9/Bank_tech_test/spec/bank_statement_spec.rb": [
        1,
        null,
        1,
        null,
        3,
        3,
        3,
        3,
        null,
        1,
        1,
        1,
        null,
        null,
        null,
        1,
        1,
        1,
        null,
        null,
        null,
        null,
        null,
        null,
        null
      ],
      "/Users/celinekaslin/Desktop/MakersProject/week9/Bank_tech_test/lib/bankstatement.rb": [
        1,
        null,
        1,
        null,
        1,
        2,
        null,
        null,
        1,
        1,
        1,
        0,
        null,
        null,
        null,
        null
      ],
      "/Users/celinekaslin/Desktop/MakersProject/week9/Bank_tech_test/spec/transaction_spec.rb": [
        1,
        null,
        1,
        null,
        4,
        null,
        1,
        1,
        null,
        null,
        1,
        1,
        null,
        null,
        1,
        1,
        null,
        null,
        null
      ]
    },
    "timestamp": 1549977373
  }
}
